C:\Program Files (x86)\MSBuild\Microsoft.Cpp\v4.0\V140\Microsoft.CppBuild.targets(936,5): warning MSB8027: Two or more files with the name of Position.cpp will produce outputs to the same location. This can lead to an incorrect build result.  The files involved are Interactable-filer\Position.cpp, Position-filer\Position.cpp.
  Time.cpp
  Position.cpp
  Power_up.cpp
c:\users\tomas\documents\visual studio 2015\temp\superfoobar\interactable-filer\interactable.h(15): error C2065: 'Position': undeclared identifier
c:\users\tomas\documents\visual studio 2015\temp\superfoobar\interactable-filer\interactable.h(15): error C2923: 'std::unique_ptr': 'Position' is not a valid template type argument for parameter '_Ty'
c:\users\tomas\documents\visual studio 2015\temp\superfoobar\interactable-filer\interactable.h(15): error C3203: 'default_delete': unspecialized class template can't be used as a template argument for template parameter '_Dx', expected a real type
c:\users\tomas\documents\visual studio 2015\temp\superfoobar\interactable-filer\interactable.h(19): warning C4624: 'Interactable': destructor was implicitly defined as deleted
c:\users\tomas\documents\visual studio 2015\temp\superfoobar\interactable-filer\power_up.h(9): warning C4624: 'Power_up': destructor was implicitly defined as deleted
c:\users\tomas\documents\visual studio 2015\temp\superfoobar\interactable-filer\power_up.cpp(6): error C2065: 'Position': undeclared identifier
c:\users\tomas\documents\visual studio 2015\temp\superfoobar\interactable-filer\power_up.cpp(6): error C2672: 'std::make_unique': no matching overloaded function found
c:\users\tomas\documents\visual studio 2015\temp\superfoobar\interactable-filer\power_up.cpp(6): error C2974: 'std::make_unique': invalid template argument for '_Ty', type expected
  c:\program files (x86)\microsoft visual studio 14.0\vc\include\memory(1644): note: see declaration of 'std::make_unique'
c:\users\tomas\documents\visual studio 2015\temp\superfoobar\interactable-filer\power_up.cpp(7): error C2512: 'Interactable': no appropriate default constructor available
  c:\users\tomas\documents\visual studio 2015\temp\superfoobar\interactable-filer\interactable.h(5): note: see declaration of 'Interactable'
c:\users\tomas\documents\visual studio 2015\temp\superfoobar\interactable-filer\power_up.cpp(7): error C2614: 'Power_up': illegal member initialization: 'position' is not a base or member
c:\users\tomas\documents\visual studio 2015\temp\superfoobar\interactable-filer\power_up.cpp(7): error C2614: 'Power_up': illegal member initialization: 'width' is not a base or member
c:\users\tomas\documents\visual studio 2015\temp\superfoobar\interactable-filer\power_up.cpp(7): error C2614: 'Power_up': illegal member initialization: 'length' is not a base or member
  Position.cpp
  Interactable.cpp
c:\users\tomas\documents\visual studio 2015\temp\superfoobar\interactable-filer\interactable.h(15): error C2065: 'Position': undeclared identifier
c:\users\tomas\documents\visual studio 2015\temp\superfoobar\interactable-filer\interactable.h(15): error C2923: 'std::unique_ptr': 'Position' is not a valid template type argument for parameter '_Ty'
c:\users\tomas\documents\visual studio 2015\temp\superfoobar\interactable-filer\interactable.h(15): error C3203: 'default_delete': unspecialized class template can't be used as a template argument for template parameter '_Dx', expected a real type
c:\users\tomas\documents\visual studio 2015\temp\superfoobar\interactable-filer\interactable.h(19): warning C4624: 'Interactable': destructor was implicitly defined as deleted
c:\users\tomas\documents\visual studio 2015\temp\superfoobar\interactable-filer\interactable.cpp(6): error C2065: 'Position': undeclared identifier
c:\users\tomas\documents\visual studio 2015\temp\superfoobar\interactable-filer\interactable.cpp(6): error C2672: 'std::make_unique': no matching overloaded function found
c:\users\tomas\documents\visual studio 2015\temp\superfoobar\interactable-filer\interactable.cpp(6): error C2974: 'std::make_unique': invalid template argument for '_Ty', type expected
  c:\program files (x86)\microsoft visual studio 14.0\vc\include\memory(1644): note: see declaration of 'std::make_unique'
c:\users\tomas\documents\visual studio 2015\temp\superfoobar\interactable-filer\interactable.cpp(7): fatal error C1903: unable to recover from previous error(s); stopping compilation
  Finish_line.cpp
c:\users\tomas\documents\visual studio 2015\temp\superfoobar\interactable-filer\interactable.h(15): error C2065: 'Position': undeclared identifier
c:\users\tomas\documents\visual studio 2015\temp\superfoobar\interactable-filer\interactable.h(15): error C2923: 'std::unique_ptr': 'Position' is not a valid template type argument for parameter '_Ty'
c:\users\tomas\documents\visual studio 2015\temp\superfoobar\interactable-filer\interactable.h(15): error C3203: 'default_delete': unspecialized class template can't be used as a template argument for template parameter '_Dx', expected a real type
c:\users\tomas\documents\visual studio 2015\temp\superfoobar\interactable-filer\interactable.h(19): warning C4624: 'Interactable': destructor was implicitly defined as deleted
c:\users\tomas\documents\visual studio 2015\temp\superfoobar\interactable-filer\finish_line.h(9): warning C4624: 'Finish_line': destructor was implicitly defined as deleted
c:\users\tomas\documents\visual studio 2015\temp\superfoobar\interactable-filer\finish_line.cpp(6): error C2065: 'Position': undeclared identifier
c:\users\tomas\documents\visual studio 2015\temp\superfoobar\interactable-filer\finish_line.cpp(6): error C2672: 'std::make_unique': no matching overloaded function found
c:\users\tomas\documents\visual studio 2015\temp\superfoobar\interactable-filer\finish_line.cpp(6): error C2974: 'std::make_unique': invalid template argument for '_Ty', type expected
  c:\program files (x86)\microsoft visual studio 14.0\vc\include\memory(1644): note: see declaration of 'std::make_unique'
c:\users\tomas\documents\visual studio 2015\temp\superfoobar\interactable-filer\finish_line.cpp(7): error C2512: 'Interactable': no appropriate default constructor available
  c:\users\tomas\documents\visual studio 2015\temp\superfoobar\interactable-filer\interactable.h(5): note: see declaration of 'Interactable'
c:\users\tomas\documents\visual studio 2015\temp\superfoobar\interactable-filer\finish_line.cpp(7): error C2614: 'Finish_line': illegal member initialization: 'position' is not a base or member
c:\users\tomas\documents\visual studio 2015\temp\superfoobar\interactable-filer\finish_line.cpp(7): error C2614: 'Finish_line': illegal member initialization: 'width' is not a base or member
c:\users\tomas\documents\visual studio 2015\temp\superfoobar\interactable-filer\finish_line.cpp(7): error C2614: 'Finish_line': illegal member initialization: 'length' is not a base or member
  Coin.cpp
c:\users\tomas\documents\visual studio 2015\temp\superfoobar\interactable-filer\interactable.h(15): error C2065: 'Position': undeclared identifier
c:\users\tomas\documents\visual studio 2015\temp\superfoobar\interactable-filer\interactable.h(15): error C2923: 'std::unique_ptr': 'Position' is not a valid template type argument for parameter '_Ty'
c:\users\tomas\documents\visual studio 2015\temp\superfoobar\interactable-filer\interactable.h(15): error C3203: 'default_delete': unspecialized class template can't be used as a template argument for template parameter '_Dx', expected a real type
c:\users\tomas\documents\visual studio 2015\temp\superfoobar\interactable-filer\interactable.h(19): warning C4624: 'Interactable': destructor was implicitly defined as deleted
c:\users\tomas\documents\visual studio 2015\temp\superfoobar\interactable-filer\coin.h(9): warning C4624: 'Coin': destructor was implicitly defined as deleted
c:\users\tomas\documents\visual studio 2015\temp\superfoobar\interactable-filer\coin.cpp(6): error C2065: 'Position': undeclared identifier
c:\users\tomas\documents\visual studio 2015\temp\superfoobar\interactable-filer\coin.cpp(6): error C2672: 'std::make_unique': no matching overloaded function found
c:\users\tomas\documents\visual studio 2015\temp\superfoobar\interactable-filer\coin.cpp(6): error C2974: 'std::make_unique': invalid template argument for '_Ty', type expected
  c:\program files (x86)\microsoft visual studio 14.0\vc\include\memory(1644): note: see declaration of 'std::make_unique'
c:\users\tomas\documents\visual studio 2015\temp\superfoobar\interactable-filer\coin.cpp(6): error C2064: term does not evaluate to a function taking 1 arguments
c:\users\tomas\documents\visual studio 2015\temp\superfoobar\interactable-filer\coin.cpp(7): error C2512: 'Interactable': no appropriate default constructor available
  c:\users\tomas\documents\visual studio 2015\temp\superfoobar\interactable-filer\interactable.h(5): note: see declaration of 'Interactable'
c:\users\tomas\documents\visual studio 2015\temp\superfoobar\interactable-filer\coin.cpp(7): error C2614: 'Coin': illegal member initialization: 'position' is not a base or member
  Collision_matrix.cpp
  Collision_handler.cpp
  Cluster.cpp
  Foobar.cpp
c:\users\tomas\documents\visual studio 2015\temp\superfoobar\character filer\foobar\foobar.h(2): fatal error C1083: Cannot open include file: 'Character.h': No such file or directory
  Enemy_3.cpp
c:\users\tomas\documents\visual studio 2015\temp\superfoobar\character filer\enemy\enemy_3.h(2): fatal error C1083: Cannot open include file: 'Character.h': No such file or directory
  Enemy_2.cpp
c:\users\tomas\documents\visual studio 2015\temp\superfoobar\character filer\enemy\enemy_2.h(2): fatal error C1083: Cannot open include file: 'Character.h': No such file or directory
  Enemy_1.cpp
c:\users\tomas\documents\visual studio 2015\temp\superfoobar\character filer\enemy\enemy_1.h(2): fatal error C1083: Cannot open include file: 'Character.h': No such file or directory
  Character.cpp
c:\users\tomas\documents\visual studio 2015\temp\superfoobar\character filer\character.h(2): fatal error C1083: Cannot open include file: 'Position.h': No such file or directory
  Generator.cc
c:\users\tomas\documents\visual studio 2015\temp\superfoobar\block-filer\block.h(3): fatal error C1083: Cannot open include file: 'Position.h': No such file or directory
  Breakable.cc
c:\users\tomas\documents\visual studio 2015\temp\superfoobar\block-filer\block.h(3): fatal error C1083: Cannot open include file: 'Position.h': No such file or directory
  Block.cc
c:\users\tomas\documents\visual studio 2015\temp\superfoobar\block-filer\block.h(3): fatal error C1083: Cannot open include file: 'Position.h': No such file or directory
  Generating Code...
