c:\users\skote\documents\github\superfoobar\superfoobar\debug\vc140.pdb
c:\users\skote\documents\github\superfoobar\superfoobar\debug\vc140.idb
c:\users\skote\documents\github\superfoobar\superfoobar\debug\block.obj
c:\users\skote\documents\github\superfoobar\superfoobar\debug\breakable.obj
c:\users\skote\documents\github\superfoobar\superfoobar\debug\generator.obj
c:\users\skote\documents\github\superfoobar\superfoobar\debug\character.obj
c:\users\skote\documents\github\superfoobar\superfoobar\debug\enemy_1.obj
c:\users\skote\documents\github\superfoobar\superfoobar\debug\enemy_2.obj
c:\users\skote\documents\github\superfoobar\superfoobar\debug\enemy_3.obj
c:\users\skote\documents\github\superfoobar\superfoobar\debug\foobar.obj
c:\users\skote\documents\github\superfoobar\superfoobar\debug\cluster.obj
c:\users\skote\documents\github\superfoobar\superfoobar\debug\collision_handler.obj
c:\users\skote\documents\github\superfoobar\superfoobar\debug\collision_matrix.obj
c:\users\skote\documents\github\superfoobar\superfoobar\debug\coin.obj
c:\users\skote\documents\github\superfoobar\superfoobar\debug\finish_line.obj
c:\users\skote\documents\github\superfoobar\superfoobar\debug\interactable.obj
c:\users\skote\documents\github\superfoobar\superfoobar\debug\power_up.obj
c:\users\skote\documents\github\superfoobar\superfoobar\debug\position.obj
c:\users\skote\documents\github\superfoobar\superfoobar\debug\score.obj
c:\users\skote\documents\github\superfoobar\superfoobar\debug\scoreboard.obj
c:\users\skote\documents\github\superfoobar\superfoobar\debug\source.obj
c:\users\skote\documents\github\superfoobar\superfoobar\debug\timer.obj
c:\users\skote\documents\github\superfoobar\superfoobar\debug\superfoobar.ilk
c:\users\skote\documents\github\superfoobar\superfoobar\debug\superfoobar.exe
c:\users\skote\documents\github\superfoobar\superfoobar\debug\superfoobar.pdb
c:\users\skote\documents\github\superfoobar\superfoobar\debug\superfoobar.tlog\cl.command.1.tlog
c:\users\skote\documents\github\superfoobar\superfoobar\debug\superfoobar.tlog\cl.read.1.tlog
c:\users\skote\documents\github\superfoobar\superfoobar\debug\superfoobar.tlog\cl.write.1.tlog
c:\users\skote\documents\github\superfoobar\superfoobar\debug\superfoobar.tlog\link.command.1.tlog
c:\users\skote\documents\github\superfoobar\superfoobar\debug\superfoobar.tlog\link.read.1.tlog
c:\users\skote\documents\github\superfoobar\superfoobar\debug\superfoobar.tlog\link.write.1.tlog
