  Source.cpp
c:\users\tomas\documents\github\superfoobar\superfoobar\source.cpp(5): warning C4244: 'argument': conversion from 'float' to 'unsigned int', possible loss of data
  Time.cpp
  Position.cpp
  Power_up.cpp
  Interactable.cpp
  Finish_line.cpp
  Coin.cpp
  Collision_matrix.cpp
  Collision_handler.cpp
  Cluster.cpp
  Foobar.cpp
c:\users\tomas\documents\github\superfoobar\superfoobar\character filer\character.h(12): warning C4244: 'argument': conversion from 'float' to 'int', possible loss of data
  Enemy_3.cpp
c:\users\tomas\documents\github\superfoobar\superfoobar\character filer\character.h(12): warning C4244: 'argument': conversion from 'float' to 'int', possible loss of data
  Enemy_2.cpp
c:\users\tomas\documents\github\superfoobar\superfoobar\character filer\character.h(12): warning C4244: 'argument': conversion from 'float' to 'int', possible loss of data
  Enemy_1.cpp
c:\users\tomas\documents\github\superfoobar\superfoobar\character filer\character.h(12): warning C4244: 'argument': conversion from 'float' to 'int', possible loss of data
  Character.cpp
c:\users\tomas\documents\github\superfoobar\superfoobar\character filer\character.h(12): warning C4244: 'argument': conversion from 'float' to 'int', possible loss of data
  Generator.cc
  Breakable.cc
  Block.cc
  Generating Code...
Source.obj : error LNK2019: unresolved external symbol "__declspec(dllimport) public: __cdecl sf::String::String(char const *,class std::locale const &)" (__imp_??0String@sf@@QEAA@PEBDAEBVlocale@std@@@Z) referenced in function main
Source.obj : error LNK2019: unresolved external symbol "__declspec(dllimport) public: __cdecl sf::String::~String(void)" (__imp_??1String@sf@@QEAA@XZ) referenced in function main
Source.obj : error LNK2019: unresolved external symbol "__declspec(dllimport) public: __cdecl sf::VideoMode::VideoMode(unsigned int,unsigned int,unsigned int)" (__imp_??0VideoMode@sf@@QEAA@III@Z) referenced in function main
Source.obj : error LNK2019: unresolved external symbol "__declspec(dllimport) public: void __cdecl sf::Window::close(void)" (__imp_?close@Window@sf@@QEAAXXZ) referenced in function main
Source.obj : error LNK2019: unresolved external symbol "__declspec(dllimport) public: bool __cdecl sf::Window::isOpen(void)const " (__imp_?isOpen@Window@sf@@QEBA_NXZ) referenced in function main
Source.obj : error LNK2019: unresolved external symbol "__declspec(dllimport) public: bool __cdecl sf::Window::pollEvent(class sf::Event &)" (__imp_?pollEvent@Window@sf@@QEAA_NAEAVEvent@2@@Z) referenced in function main
Source.obj : error LNK2019: unresolved external symbol "__declspec(dllimport) public: __cdecl sf::RenderWindow::RenderWindow(class sf::VideoMode,class sf::String const &,unsigned int,struct sf::ContextSettings const &)" (__imp_??0RenderWindow@sf@@QEAA@VVideoMode@1@AEBVString@1@IAEBUContextSettings@1@@Z) referenced in function main
Source.obj : error LNK2019: unresolved external symbol "__declspec(dllimport) public: virtual __cdecl sf::RenderWindow::~RenderWindow(void)" (__imp_??1RenderWindow@sf@@UEAA@XZ) referenced in function main
C:\Users\tomas\Documents\GitHub\SuperFoobar\SuperFoobar\\lib\sfml-audio-d.lib : warning LNK4272: library machine type 'X86' conflicts with target machine type 'x64'
C:\Users\tomas\Documents\GitHub\SuperFoobar\SuperFoobar\\lib\sfml-graphics-d.lib : warning LNK4272: library machine type 'X86' conflicts with target machine type 'x64'
C:\Users\tomas\Documents\GitHub\SuperFoobar\SuperFoobar\\lib\sfml-window-d.lib : warning LNK4272: library machine type 'X86' conflicts with target machine type 'x64'
C:\Users\tomas\Documents\GitHub\SuperFoobar\SuperFoobar\\lib\sfml-system-d.lib : warning LNK4272: library machine type 'X86' conflicts with target machine type 'x64'
C:\Users\tomas\Documents\GitHub\SuperFoobar\SuperFoobar\x64\Debug\SuperFoobar.exe : fatal error LNK1120: 8 unresolved externals
